<?xml version="1.0" encoding="UTF-8"?>
<testng-results ignored="0" total="4" passed="4" failed="0" skipped="0">
  <reporter-output>
  </reporter-output>
  <suite started-at="2022-11-24T16:28:52 IST" name="tests.Verify_Form_Fill_Checkout" finished-at="2022-11-24T16:29:20 IST" duration-ms="28390">
    <groups>
    </groups>
    <test started-at="2022-11-24T16:28:52 IST" name="Command line test" finished-at="2022-11-24T16:29:20 IST" duration-ms="28390">
      <class name="tests.Verify_Form_Fill_Checkout">
        <test-method is-config="true" signature="beforeTest()[pri:0, instance:tests.Verify_Form_Fill_Checkout@258e2e41]" started-at="2022-11-24T16:28:52 IST" name="beforeTest" finished-at="2022-11-24T16:28:59 IST" duration-ms="7178" status="PASS">
          <reporter-output>
          </reporter-output>
        </test-method> <!-- beforeTest -->
        <test-method signature="test1_positive_scenario_build_0()[pri:0, instance:tests.Verify_Form_Fill_Checkout@258e2e41]" started-at="2022-11-24T16:28:59 IST" name="test1_positive_scenario_build_0" description="Without self healing" finished-at="2022-11-24T16:29:07 IST" duration-ms="8390" status="PASS">
          <reporter-output>
          </reporter-output>
        </test-method> <!-- test1_positive_scenario_build_0 -->
        <test-method signature="test2_negative_scenario_build_1()[pri:0, instance:tests.Verify_Form_Fill_Checkout@258e2e41]" started-at="2022-11-24T16:29:07 IST" name="test2_negative_scenario_build_1" description="Without self healing" finished-at="2022-11-24T16:29:11 IST" duration-ms="3728" status="PASS">
          <reporter-output>
          </reporter-output>
        </test-method> <!-- test2_negative_scenario_build_1 -->
        <test-method signature="test3_negative_scenario_build_2()[pri:0, instance:tests.Verify_Form_Fill_Checkout@258e2e41]" started-at="2022-11-24T16:29:11 IST" name="test3_negative_scenario_build_2" description="Without self healing" finished-at="2022-11-24T16:29:16 IST" duration-ms="4458" status="PASS">
          <reporter-output>
          </reporter-output>
        </test-method> <!-- test3_negative_scenario_build_2 -->
        <test-method signature="test3_negative_scenario_build_3()[pri:0, instance:tests.Verify_Form_Fill_Checkout@258e2e41]" started-at="2022-11-24T16:29:16 IST" name="test3_negative_scenario_build_3" description="Without self healing" finished-at="2022-11-24T16:29:20 IST" duration-ms="4569" status="PASS">
          <reporter-output>
          </reporter-output>
        </test-method> <!-- test3_negative_scenario_build_3 -->
      </class> <!-- tests.Verify_Form_Fill_Checkout -->
    </test> <!-- Command line test -->
  </suite> <!-- tests.Verify_Form_Fill_Checkout -->
</testng-results>
